c:\users\bramd\onedrive\documenten\programming 4\exam_assignment\minigin\x64\debug\minigin.pch
c:\users\bramd\onedrive\documenten\programming 4\exam_assignment\minigin\x64\debug\vc141.pdb
c:\users\bramd\onedrive\documenten\programming 4\exam_assignment\minigin\x64\debug\vc141.idb
c:\users\bramd\onedrive\documenten\programming 4\exam_assignment\minigin\x64\debug\miniginpch.obj
c:\users\bramd\onedrive\documenten\programming 4\exam_assignment\minigin\x64\debug\transform.obj
c:\users\bramd\onedrive\documenten\programming 4\exam_assignment\minigin\x64\debug\texture2d.obj
c:\users\bramd\onedrive\documenten\programming 4\exam_assignment\minigin\x64\debug\textcomponent.obj
c:\users\bramd\onedrive\documenten\programming 4\exam_assignment\minigin\x64\debug\scenemanager.obj
c:\users\bramd\onedrive\documenten\programming 4\exam_assignment\minigin\x64\debug\scene.obj
c:\users\bramd\onedrive\documenten\programming 4\exam_assignment\minigin\x64\debug\resourcemanager.obj
c:\users\bramd\onedrive\documenten\programming 4\exam_assignment\minigin\x64\debug\renderer.obj
c:\users\bramd\onedrive\documenten\programming 4\exam_assignment\minigin\x64\debug\minigin.obj
c:\users\bramd\onedrive\documenten\programming 4\exam_assignment\minigin\x64\debug\main.obj
c:\users\bramd\onedrive\documenten\programming 4\exam_assignment\minigin\x64\debug\log.obj
c:\users\bramd\onedrive\documenten\programming 4\exam_assignment\minigin\x64\debug\inputmanager.obj
c:\users\bramd\onedrive\documenten\programming 4\exam_assignment\minigin\x64\debug\imagecomponent.obj
c:\users\bramd\onedrive\documenten\programming 4\exam_assignment\minigin\x64\debug\gameobject.obj
c:\users\bramd\onedrive\documenten\programming 4\exam_assignment\minigin\x64\debug\font.obj
c:\users\bramd\onedrive\documenten\programming 4\exam_assignment\minigin\x64\debug\component.obj
c:\users\bramd\onedrive\documenten\programming 4\exam_assignment\minigin\x64\debug\fps_counter.obj
c:\users\bramd\onedrive\documenten\programming 4\exam_assignment\minigin\x64\debug\command.obj
c:\users\bramd\onedrive\documenten\programming 4\exam_assignment\minigin\x64\debug\actor.obj
c:\users\bramd\onedrive\documenten\programming 4\exam_assignment\minigin\x64\debug\turnleftcommand.obj
c:\users\bramd\onedrive\documenten\programming 4\exam_assignment\minigin\x64\debug\turnupcommand.obj
c:\users\bramd\onedrive\documenten\programming 4\exam_assignment\minigin\x64\debug\turnrightcommand.obj
c:\users\bramd\onedrive\documenten\programming 4\exam_assignment\minigin\x64\debug\turndowncommand.obj
c:\users\bramd\onedrive\documenten\programming 4\exam_assignment\minigin\x64\debug\tile.obj
c:\users\bramd\onedrive\documenten\programming 4\exam_assignment\minigin\x64\debug\level.obj
c:\users\bramd\onedrive\documenten\programming 4\exam_assignment\minigin\x64\debug\score.obj
c:\users\bramd\onedrive\documenten\programming 4\exam_assignment\minigin\x64\debug\ghost.obj
c:\users\bramd\onedrive\documenten\programming 4\exam_assignment\minigin\x64\debug\hitboxcomponent.obj
c:\users\bramd\onedrive\documenten\programming 4\exam_assignment\x64\debug\minigin.exe
c:\users\bramd\onedrive\documenten\programming 4\exam_assignment\x64\debug\minigin.ilk
c:\users\bramd\onedrive\documenten\programming 4\exam_assignment\x64\debug\minigin.pdb
c:\users\bramd\onedrive\documenten\programming 4\exam_assignment\x64\debug\minigin.lib
c:\users\bramd\onedrive\documenten\programming 4\exam_assignment\x64\debug\minigin.exp
c:\users\bramd\onedrive\documenten\programming 4\exam_assignment\minigin\x64\debug\ghost.obj.enc
c:\users\bramd\onedrive\documenten\programming 4\exam_assignment\minigin\x64\debug\hitboxcomponent.obj.enc
c:\users\bramd\onedrive\documenten\programming 4\exam_assignment\minigin\x64\debug\imagecomponent.new.obj.enc
c:\users\bramd\onedrive\documenten\programming 4\exam_assignment\minigin\x64\debug\minigin.tlog\cl.command.1.tlog
c:\users\bramd\onedrive\documenten\programming 4\exam_assignment\minigin\x64\debug\minigin.tlog\cl.read.1.tlog
c:\users\bramd\onedrive\documenten\programming 4\exam_assignment\minigin\x64\debug\minigin.tlog\cl.write.1.tlog
c:\users\bramd\onedrive\documenten\programming 4\exam_assignment\minigin\x64\debug\minigin.tlog\link.command.1.tlog
c:\users\bramd\onedrive\documenten\programming 4\exam_assignment\minigin\x64\debug\minigin.tlog\link.read.1.tlog
c:\users\bramd\onedrive\documenten\programming 4\exam_assignment\minigin\x64\debug\minigin.tlog\link.write.1.tlog
c:\users\bramd\onedrive\documenten\programming 4\exam_assignment\minigin\x64\debug\minigin.tlog\minigin.write.1u.tlog
